<?xml version="1.0" encoding="UTF-8"?>
<testsuite name="NumeroRomanosTest" tests="6" skipped="0" failures="0" errors="0" timestamp="2021-08-12T00:53:47" hostname="DESKTOP-G14LJRR" time="0.007">
  <properties/>
  <testcase name="convertir3romano" classname="NumeroRomanosTest" time="0.004"/>
  <testcase name="convertir4romano" classname="NumeroRomanosTest" time="0.0"/>
  <testcase name="convertir5romano" classname="NumeroRomanosTest" time="0.0"/>
  <testcase name="convertirIRomanoTest" classname="NumeroRomanosTest" time="0.0"/>
  <testcase name="convertir6romano" classname="NumeroRomanosTest" time="0.001"/>
  <testcase name="convertir2romano" classname="NumeroRomanosTest" time="0.0"/>
  <system-out><![CDATA[]]></system-out>
  <system-err><![CDATA[]]></system-err>
</testsuite>
